<?xml version="1.0" encoding="UTF-8"?>
<!-- Generated by org.testng.reporters.JUnitXMLReporter -->
<testsuite ignored="0" hostname="EPBYGROW0016" failures="0" tests="2" name="Command line test" time="0.406" errors="0" timestamp="2021-08-27T15:42:17 MSK">
  <testcase classname="com.epam.atmp.tests.CommonConditions" name="@BeforeMethod setUp" time="0.009">
    <failure type="java.lang.NullPointerException">
      <![CDATA[java.lang.NullPointerException
at com.epam.atmp.driver.DriverSingleton.getDriver(DriverSingleton.java:21)
at com.epam.atmp.tests.CommonConditions.setUp(CommonConditions.java:15)
at java.base/java.util.ArrayList.forEach(ArrayList.java:1511)
at com.epam.atmp.ProgramRunner.main(ProgramRunner.java:14)
... Removed 28 stack frames]]>
    </failure>
  </testcase> <!-- @BeforeMethod setUp -->
  <testcase classname="com.epam.atmp.tests.CommonConditions" name="@AfterMethod stopBrowser" time="0.001">
    <failure type="java.lang.NullPointerException">
      <![CDATA[java.lang.NullPointerException
at com.epam.atmp.driver.DriverSingleton.closeDriver(DriverSingleton.java:48)
at com.epam.atmp.tests.CommonConditions.stopBrowser(CommonConditions.java:20)
at java.base/java.util.ArrayList.forEach(ArrayList.java:1511)
at com.epam.atmp.ProgramRunner.main(ProgramRunner.java:14)
... Removed 29 stack frames]]>
    </failure>
  </testcase> <!-- @AfterMethod stopBrowser -->
  <testcase classname="com.epam.atmp.tests.CommonConditions" name="@BeforeMethod setUp" time="-1.630068137408E9">
    <skipped/>
  </testcase> <!-- @BeforeMethod setUp -->
  <testcase classname="com.epam.atmp.tests.CommonConditions" name="@AfterMethod stopBrowser" time="0.0">
    <failure type="java.lang.NullPointerException">
      <![CDATA[java.lang.NullPointerException
at com.epam.atmp.driver.DriverSingleton.closeDriver(DriverSingleton.java:48)
at com.epam.atmp.tests.CommonConditions.stopBrowser(CommonConditions.java:20)
at java.base/java.util.ArrayList.forEach(ArrayList.java:1511)
at com.epam.atmp.ProgramRunner.main(ProgramRunner.java:14)
... Removed 29 stack frames]]>
    </failure>
  </testcase> <!-- @AfterMethod stopBrowser -->
  <testcase classname="com.epam.atmp.tests.LoginTest" name="loginToRP" time="0.0">
    <skipped/>
  </testcase> <!-- loginToRP -->
  <testcase classname="com.epam.atmp.tests.LoginTest" name="loginToRP" time="0.0">
    <skipped/>
  </testcase> <!-- loginToRP -->
</testsuite> <!-- Command line test -->
